12.2016.11 14:19:52	04	22.0
12.2016.11 14:19:52	05	21.062
12.2016.11 14:19:52	08	21.562
12.2016.11 14:19:55	04	22.0
12.2016.11 14:19:55	05	21.125
12.2016.11 14:19:55	08	21.562
12.2016.11 14:20:34	04	21.937
12.2016.11 14:20:34	05	21.062
12.2016.11 14:20:34	08	21.562
12.2016.11 14:20:38	04	21.937
12.2016.11 14:20:38	05	21.062
12.2016.11 14:20:38	08	21.562
12.2016.11 14:20:42	04	21.937
12.2016.11 14:20:42	05	21.062
12.2016.11 14:20:42	08	21.562
12.2016.11 14:20:45	04	21.937
12.2016.11 14:20:45	05	21.062
12.2016.11 14:20:45	08	21.562
12.2016.11 14:20:50	04	21.937
12.2016.11 14:20:50	05	21.062
12.2016.11 14:20:50	08	21.562
12.2016.11 14:20:53	04	21.937
12.2016.11 14:20:53	05	21.062
12.2016.11 14:20:53	08	21.562
12.2016.11 14:20:57	04	21.937
12.2016.11 14:20:57	05	21.062
12.2016.11 14:20:57	08	21.562
12.2016.11 14:21:00	04	21.937
12.2016.11 14:21:00	05	21.062
12.2016.11 14:21:00	08	21.562
12.2016.11 14:21:05	04	21.937
12.2016.11 14:21:05	05	21.062
12.2016.11 14:21:05	08	21.562
12.2016.11 14:21:08	04	21.937
12.2016.11 14:21:08	05	21.062
12.2016.11 14:21:08	08	21.562
12.2016.11 14:21:12	04	21.875
12.2016.11 14:21:12	05	21.062
12.2016.11 14:21:12	08	21.562
12.2016.11 14:21:15	04	21.937
12.2016.11 14:21:15	05	21.062
12.2016.11 14:21:15	08	21.562
12.2016.11 14:21:19	04	21.875
12.2016.11 14:21:19	05	21.062
12.2016.11 14:21:19	08	21.562
12.2016.11 14:21:23	04	21.875
12.2016.11 14:21:23	05	21.062
12.2016.11 14:21:23	08	21.562
12.2016.11 14:21:26	04	21.937
12.2016.11 14:21:26	05	21.062
12.2016.11 14:21:26	08	21.562
12.2016.11 14:21:30	04	21.875
12.2016.11 14:21:30	05	21.125
12.2016.11 14:21:30	08	21.562
12.2016.11 14:21:33	04	21.875
12.2016.11 14:21:33	05	21.062
12.2016.11 14:21:33	08	21.562
12.2016.11 14:21:37	04	21.875
12.2016.11 14:21:37	05	21.062
12.2016.11 14:21:37	08	21.562
12.2016.11 14:21:40	04	21.875
12.2016.11 14:21:40	05	21.062
12.2016.11 14:21:40	08	21.562
12.2016.11 14:21:44	04	21.875
12.2016.11 14:21:44	05	21.062
12.2016.11 14:21:44	08	21.562
12.2016.11 14:21:47	04	21.875
12.2016.11 14:21:47	05	21.125
12.2016.11 14:21:47	08	21.562
12.2016.11 14:21:51	04	21.875
12.2016.11 14:21:51	05	21.125
12.2016.11 14:21:51	08	21.562
12.2016.11 14:21:54	04	21.875
12.2016.11 14:21:54	05	21.125
12.2016.11 14:21:54	08	21.562
12.2016.11 14:21:58	04	21.875
12.2016.11 14:21:58	05	21.125
12.2016.11 14:21:58	08	21.562
12.2016.11 14:22:01	04	21.875
12.2016.11 14:22:01	05	21.125
12.2016.11 14:22:01	08	21.562
12.2016.11 14:22:05	04	21.875
12.2016.11 14:22:05	05	21.062
12.2016.11 14:22:05	08	21.562
12.2016.11 14:22:08	04	21.875
12.2016.11 14:22:08	05	21.125
12.2016.11 14:22:08	08	21.562
12.2016.11 14:22:12	04	21.875
12.2016.11 14:22:12	05	21.062
12.2016.11 14:22:12	08	21.562
12.2016.11 14:22:15	04	21.875
12.2016.11 14:22:15	05	21.125
12.2016.11 14:22:15	08	21.562
12.2016.11 14:22:19	04	21.875
12.2016.11 14:22:19	05	21.062
12.2016.11 14:22:19	08	21.562
12.2016.11 14:22:22	04	21.875
12.2016.11 14:22:22	05	21.062
12.2016.11 14:22:22	08	21.562
12.2016.11 14:22:26	04	21.875
12.2016.11 14:22:26	05	21.062
12.2016.11 14:22:26	08	21.562
12.2016.11 14:22:29	04	21.875
12.2016.11 14:22:29	05	21.062
12.2016.11 14:22:29	08	21.562
12.2016.11 14:22:33	04	21.875
12.2016.11 14:22:33	05	21.062
12.2016.11 14:22:33	08	21.562
12.2016.11 14:22:36	04	21.875
12.2016.11 14:22:36	05	21.062
12.2016.11 14:22:36	08	21.562
12.2016.11 14:22:40	04	21.875
12.2016.11 14:22:40	05	21.062
12.2016.11 14:22:40	08	21.562
12.2016.11 14:22:43	04	21.875
12.2016.11 14:22:43	05	21.062
12.2016.11 14:22:43	08	21.562
12.2016.11 14:22:47	04	21.875
12.2016.11 14:22:47	05	21.062
12.2016.11 14:22:47	08	21.562
12.2016.11 14:22:50	04	21.875
12.2016.11 14:22:50	05	21.062
12.2016.11 14:22:50	08	21.562
12.2016.11 14:22:54	04	21.875
12.2016.11 14:22:54	05	21.062
12.2016.11 14:22:54	08	21.562
12.2016.11 14:22:57	04	21.875
12.2016.11 14:22:57	05	21.062
12.2016.11 14:22:57	08	21.562
12.2016.11 14:23:01	04	21.875
12.2016.11 14:23:01	05	21.062
12.2016.11 14:23:01	08	21.562
12.2016.11 14:23:04	04	21.875
12.2016.11 14:23:04	05	21.062
12.2016.11 14:23:04	08	21.562
12.2016.11 14:23:08	04	21.875
12.2016.11 14:23:08	05	21.062
12.2016.11 14:23:08	08	21.562
12.2016.11 14:23:11	04	21.875
12.2016.11 14:23:11	05	21.062
12.2016.11 14:23:11	08	21.562
12.2016.11 14:23:15	04	21.875
12.2016.11 14:23:15	05	21.062
12.2016.11 14:23:15	08	21.562
12.2016.11 14:23:18	04	21.875
12.2016.11 14:23:18	05	21.062
12.2016.11 14:23:18	08	21.562
12.2016.11 14:23:21	04	21.812
12.2016.11 14:23:21	05	21.062
12.2016.11 14:23:21	08	21.562
12.2016.11 14:23:25	04	21.812
12.2016.11 14:23:25	05	21.062
12.2016.11 14:23:25	08	21.562
12.2016.11 14:23:28	04	21.812
12.2016.11 14:23:28	05	21.062
12.2016.11 14:23:28	08	21.562
12.2016.11 14:23:32	04	21.812
12.2016.11 14:23:32	05	21.062
12.2016.11 14:23:32	08	21.562
12.2016.11 14:23:35	04	21.812
12.2016.11 14:23:35	05	21.062
12.2016.11 14:23:35	08	21.562
12.2016.11 14:23:39	04	21.875
12.2016.11 14:23:39	05	21.062
12.2016.11 14:23:39	08	21.562
12.2016.11 14:23:43	04	21.812
12.2016.11 14:23:43	05	21.062
12.2016.11 14:23:43	08	21.562
12.2016.11 14:23:47	04	21.812
12.2016.11 14:23:47	05	21.062
12.2016.11 14:23:47	08	21.562
12.2016.11 14:23:50	04	21.812
12.2016.11 14:23:50	05	21.062
12.2016.11 14:23:50	08	21.562
12.2016.11 14:23:54	04	21.812
12.2016.11 14:23:54	05	21.062
12.2016.11 14:23:54	08	21.562
12.2016.11 14:23:57	04	21.812
12.2016.11 14:23:57	05	21.062
12.2016.11 14:23:57	08	21.562
12.2016.11 14:24:01	04	21.812
12.2016.11 14:24:01	05	21.062
12.2016.11 14:24:01	08	21.562
12.2016.11 14:24:04	04	21.812
12.2016.11 14:24:04	05	21.062
12.2016.11 14:24:04	08	21.562
12.2016.11 14:24:08	04	21.812
12.2016.11 14:24:08	05	21.062
12.2016.11 14:24:08	08	21.562
12.2016.11 14:24:11	04	21.812
12.2016.11 14:24:11	05	21.062
12.2016.11 14:24:11	08	21.562
12.2016.11 14:24:15	04	21.812
12.2016.11 14:24:15	05	21.062
12.2016.11 14:24:15	08	21.5
12.2016.11 14:24:18	04	21.812
12.2016.11 14:24:18	05	21.062
12.2016.11 14:24:18	08	21.562
12.2016.11 14:24:22	04	21.812
12.2016.11 14:24:22	05	21.062
12.2016.11 14:24:22	08	21.562
12.2016.11 14:24:25	04	21.812
12.2016.11 14:24:25	05	21.062
12.2016.11 14:24:25	08	21.562
12.2016.11 14:24:29	04	21.812
12.2016.11 14:24:29	05	21.062
12.2016.11 14:24:29	08	21.562
12.2016.11 14:24:32	04	21.812
12.2016.11 14:24:32	05	21.062
12.2016.11 14:24:32	08	21.562
12.2016.11 14:24:36	04	21.812
12.2016.11 14:24:36	05	21.062
12.2016.11 14:24:36	08	21.562
12.2016.11 14:24:39	04	21.812
12.2016.11 14:24:39	05	21.062
12.2016.11 14:24:39	08	21.562
12.2016.11 14:24:43	04	21.812
12.2016.11 14:24:43	05	21.062
12.2016.11 14:24:43	08	21.562
12.2016.11 14:24:46	04	21.812
12.2016.11 14:24:46	05	21.062
12.2016.11 14:24:46	08	21.562
12.2016.11 14:24:50	04	21.812
12.2016.11 14:24:50	05	21.062
12.2016.11 14:24:50	08	21.562
12.2016.11 14:24:53	04	21.812
12.2016.11 14:24:53	05	21.062
12.2016.11 14:24:53	08	21.562
12.2016.11 14:24:57	04	21.812
12.2016.11 14:24:57	05	21.062
12.2016.11 14:24:57	08	21.562
12.2016.11 14:25:00	04	21.812
12.2016.11 14:25:00	05	21.062
12.2016.11 14:25:00	08	21.562
12.2016.11 14:25:04	04	21.812
12.2016.11 14:25:04	05	21.062
12.2016.11 14:25:04	08	21.562
12.2016.11 14:25:07	04	21.812
12.2016.11 14:25:07	05	21.062
12.2016.11 14:25:07	08	21.5
12.2016.11 14:25:11	04	21.812
12.2016.11 14:25:11	05	21.062
12.2016.11 14:25:11	08	21.5
12.2016.11 14:25:14	04	21.812
12.2016.11 14:25:14	05	21.062
12.2016.11 14:25:14	08	21.562
12.2016.11 14:25:17	04	21.812
12.2016.11 14:25:17	05	21.062
12.2016.11 14:25:17	08	21.5
12.2016.11 14:25:21	04	21.812
12.2016.11 14:25:21	05	21.062
12.2016.11 14:25:21	08	21.562
12.2016.11 14:25:24	04	21.812
12.2016.11 14:25:24	05	21.062
12.2016.11 14:25:24	08	21.5
12.2016.11 14:25:28	04	21.812
12.2016.11 14:25:28	05	21.062
12.2016.11 14:25:28	08	21.562
12.2016.11 14:25:31	04	21.812
12.2016.11 14:25:31	05	21.062
12.2016.11 14:25:31	08	21.5
12.2016.11 14:25:35	04	21.75
12.2016.11 14:25:35	05	21.062
12.2016.11 14:25:35	08	21.5
12.2016.11 14:25:38	04	21.812
12.2016.11 14:25:38	05	21.062
12.2016.11 14:25:38	08	21.5
12.2016.11 14:25:42	04	21.812
12.2016.11 14:25:42	05	21.062
12.2016.11 14:25:42	08	21.5
12.2016.11 14:25:45	04	21.812
12.2016.11 14:25:45	05	21.062
12.2016.11 14:25:45	08	21.5
12.2016.11 14:25:49	04	21.812
12.2016.11 14:25:49	05	21.062
12.2016.11 14:25:49	08	21.5
12.2016.11 14:25:52	04	21.812
12.2016.11 14:25:52	05	21.062
12.2016.11 14:25:52	08	21.5
12.2016.11 14:25:56	04	21.812
12.2016.11 14:25:56	05	21.062
12.2016.11 14:25:56	08	21.5
12.2016.11 14:25:59	04	21.812
12.2016.11 14:25:59	05	21.062
12.2016.11 14:25:59	08	21.5
12.2016.11 14:26:03	04	21.812
12.2016.11 14:26:03	05	21.062
12.2016.11 14:26:03	08	21.5
12.2016.11 14:26:06	04	21.812
12.2016.11 14:26:06	05	21.062
12.2016.11 14:26:06	08	21.5
12.2016.11 14:26:10	04	21.812
12.2016.11 14:26:10	05	21.062
12.2016.11 14:26:10	08	21.5
12.2016.11 14:26:13	04	21.812
12.2016.11 14:26:13	05	21.062
12.2016.11 14:26:13	08	21.5
12.2016.11 14:26:17	04	21.812
12.2016.11 14:26:17	05	21.062
12.2016.11 14:26:17	08	21.5
12.2016.11 14:26:20	04	21.812
12.2016.11 14:26:20	05	21.062
12.2016.11 14:26:20	08	21.5
12.2016.11 14:26:24	04	21.812
12.2016.11 14:26:24	05	21.062
12.2016.11 14:26:24	08	21.5
12.2016.11 14:26:27	04	21.812
12.2016.11 14:26:27	05	21.062
12.2016.11 14:26:27	08	21.5
12.2016.11 14:26:31	04	21.812
12.2016.11 14:26:31	05	21.062
12.2016.11 14:26:31	08	21.5
12.2016.11 14:26:34	04	21.812
12.2016.11 14:26:34	05	21.062
12.2016.11 14:26:34	08	21.5
12.2016.11 14:26:38	04	21.812
12.2016.11 14:26:38	05	21.062
12.2016.11 14:26:38	08	21.5
12.2016.11 14:26:41	04	21.812
12.2016.11 14:26:41	05	21.062
12.2016.11 14:26:41	08	21.5
12.2016.11 14:26:45	04	21.812
12.2016.11 14:26:45	05	21.062
12.2016.11 14:26:45	08	21.5
12.2016.11 14:26:48	04	21.812
12.2016.11 14:26:48	05	21.062
12.2016.11 14:26:48	08	21.5
12.2016.11 14:26:52	04	21.812
12.2016.11 14:26:52	05	21.062
12.2016.11 14:26:52	08	21.5
12.2016.11 14:26:55	04	21.812
12.2016.11 14:26:55	05	21.062
12.2016.11 14:26:55	08	21.5
12.2016.11 14:26:59	04	21.812
12.2016.11 14:26:59	05	21.062
12.2016.11 14:26:59	08	21.5
12.2016.11 14:27:02	04	21.812
12.2016.11 14:27:02	05	21.062
12.2016.11 14:27:02	08	21.5
12.2016.11 14:27:06	04	21.812
12.2016.11 14:27:06	05	21.062
12.2016.11 14:27:06	08	21.5
12.2016.11 14:27:09	04	21.812
12.2016.11 14:27:09	05	21.062
12.2016.11 14:27:09	08	21.437
12.2016.11 14:27:13	04	21.812
12.2016.11 14:27:13	05	21.062
12.2016.11 14:27:13	08	21.437
12.2016.11 14:27:16	04	21.812
12.2016.11 14:27:16	05	21.062
12.2016.11 14:27:16	08	21.437
12.2016.11 14:27:20	04	21.812
12.2016.11 14:27:20	05	21.062
12.2016.11 14:27:20	08	21.437
12.2016.11 14:27:23	04	21.812
12.2016.11 14:27:23	05	21.062
12.2016.11 14:27:23	08	21.437
12.2016.11 14:27:27	04	21.812
12.2016.11 14:27:27	05	21.062
12.2016.11 14:27:27	08	21.437
12.2016.11 14:27:30	04	21.812
12.2016.11 14:27:30	05	21.062
12.2016.11 14:27:30	08	21.437
12.2016.11 14:27:34	04	21.812
12.2016.11 14:27:34	05	21.062
12.2016.11 14:27:34	08	21.437
12.2016.11 14:27:37	04	21.812
12.2016.11 14:27:37	05	21.062
12.2016.11 14:27:37	08	21.437
12.2016.11 14:27:41	04	21.812
12.2016.11 14:27:41	05	21.062
12.2016.11 14:27:41	08	21.437
12.2016.11 14:27:45	04	21.812
12.2016.11 14:27:45	05	21.062
12.2016.11 14:27:45	08	21.437
12.2016.11 14:27:48	04	21.812
12.2016.11 14:27:48	05	21.062
12.2016.11 14:27:48	08	21.437
12.2016.11 14:27:52	04	21.812
12.2016.11 14:27:52	05	21.062
12.2016.11 14:27:52	08	21.437
12.2016.11 14:27:55	04	21.812
12.2016.11 14:27:55	05	21.062
12.2016.11 14:27:55	08	21.437
12.2016.11 14:27:59	04	21.812
12.2016.11 14:27:59	05	21.062
12.2016.11 14:27:59	08	21.437
12.2016.11 14:28:02	04	21.812
12.2016.11 14:28:02	05	21.062
12.2016.11 14:28:02	08	21.437
12.2016.11 14:28:06	04	21.812
12.2016.11 14:28:06	05	21.062
12.2016.11 14:28:06	08	21.437
12.2016.11 14:28:09	04	21.812
12.2016.11 14:28:09	05	21.062
12.2016.11 14:28:09	08	21.437
12.2016.11 14:28:13	04	21.812
12.2016.11 14:28:13	05	21.062
12.2016.11 14:28:13	08	21.437
12.2016.11 14:28:16	04	21.812
12.2016.11 14:28:16	05	21.062
12.2016.11 14:28:16	08	21.437
12.2016.11 14:28:20	04	21.812
12.2016.11 14:28:20	05	21.062
12.2016.11 14:28:20	08	21.375
12.2016.11 14:28:23	04	21.812
12.2016.11 14:28:23	05	21.062
12.2016.11 14:28:23	08	21.375
